{"file":"c:/Users/Max/Documents/GitHub/api-to-cli/main.go:49","func":"main.main","level":"info","msg":"API is available at :8001","time":"2021-03-18T09:33:13+03:00"}
{"file":"c:/Users/Max/Documents/GitHub/api-to-cli/mod_writers.go:15","func":"main.accessWriter.Write","level":"info","msg":"[GIN] 2021/03/18 - 09:35:21 | 404 |            0s |             ::1 | POST     \"/run\"\n","time":"2021-03-18T09:35:21+03:00"}
{"file":"c:/Users/Max/Documents/GitHub/api-to-cli/mod_writers.go:15","func":"main.accessWriter.Write","level":"info","msg":"[GIN] 2021/03/18 - 09:35:42 | 400 |            0s |             ::1 | POST     \"/v1/run\"\n","time":"2021-03-18T09:35:42+03:00"}
{"file":"c:/Users/Max/Documents/GitHub/api-to-cli/main.go:49","func":"main.main","level":"info","msg":"API is available at :8001","time":"2021-03-18T10:08:51+03:00"}
{"file":"c:/Users/Max/Documents/GitHub/api-to-cli/mod_writers.go:15","func":"main.accessWriter.Write","level":"info","msg":"[GIN] 2021/03/18 - 10:09:19 | 200 |   22.0539984s |             ::1 | POST     \"/v1/run\"\n","time":"2021-03-18T10:09:19+03:00"}
{"file":"c:/Users/Max/Documents/GitHub/api-to-cli/main.go:46","func":"main.main","level":"info","msg":"API is available at :8001","time":"2021-03-18T13:40:30+03:00"}
{"level":"info","msg":"API is available at :8001","time":"2021-03-18T13:41:01+03:00"}
{"level":"error","msg":"Run failed with: exec: \"\": executable file not found in %PATH%\n","time":"2021-03-18T13:43:07+03:00"}
{"level":"info","msg":"[GIN] 2021/03/18 - 13:43:07 | 500 |     10.4992ms |             ::1 | POST     \"/run\"\n","time":"2021-03-18T13:43:07+03:00"}
{"level":"error","msg":"Run failed with: exec: \"\": executable file not found in %PATH%\n","time":"2021-03-18T13:44:10+03:00"}
{"level":"info","msg":"[GIN] 2021/03/18 - 13:44:10 | 500 |   29.6759989s |             ::1 | POST     \"/run\"\n","time":"2021-03-18T13:44:10+03:00"}
{"level":"info","msg":"API is available at :8001","time":"2021-03-18T13:44:26+03:00"}
{"level":"info","msg":"API is available at :8001","time":"2021-03-18T13:45:14+03:00"}
{"level":"info","msg":"[GIN] 2021/03/18 - 13:47:21 | 200 |   22.6220013s |             ::1 | POST     \"/run\"\n","time":"2021-03-18T13:47:21+03:00"}
{"level":"info","msg":"API is available at :8001","time":"2021-03-18T13:50:50+03:00"}
{"level":"info","msg":"[GIN] 2021/03/18 - 13:50:51 | 200 |     23.0013ms |             ::1 | POST     \"/run\"\n","time":"2021-03-18T13:50:51+03:00"}
{"level":"info","msg":"Version: development","time":"2021-03-18T14:07:00+03:00"}
{"level":"info","msg":"API is available at :8001","time":"2021-03-18T14:07:00+03:00"}
{"level":"info","msg":"Version: v1.0.0","time":"2021-03-18T14:08:17+03:00"}
{"level":"info","msg":"API is available at :8001","time":"2021-03-18T14:08:17+03:00"}
